[GIN-debug] [WARNING] Running in "debug" mode. Switch to "release" mode in production.
 - using env:	export GIN_MODE=release
 - using code:	gin.SetMode(gin.ReleaseMode)

[GIN-debug] POST   /identity/v1/login        --> github.com/appleboy/gin-jwt/v2.(*GinJWTMiddleware).LoginHandler-fm (3 handlers)
[GIN-debug] GET    /identity/v1/users        --> github.com/StindCo/smart_ispt/internal/pkg/identity/handler.UserHandler.List-fm (3 handlers)
[GIN-debug] GET    /identity/v1/users/:userId --> github.com/StindCo/smart_ispt/internal/pkg/identity/handler.UserHandler.GetUser-fm (3 handlers)
[GIN-debug] PUT    /identity/v1/users/:userId --> github.com/StindCo/smart_ispt/internal/pkg/identity/handler.UserHandler.UpdatePasswordForUser-fm (3 handlers)
[GIN-debug] POST   /identity/v1/users        --> github.com/StindCo/smart_ispt/internal/pkg/identity/handler.UserHandler.CreateUser-fm (4 handlers)
[GIN-debug] GET    /identity/v1/users/admins --> github.com/StindCo/smart_ispt/internal/pkg/identity/handler.UserHandler.GetAdminsUsers-fm (4 handlers)
[GIN-debug] GET    /identity/v1/users/developpers --> github.com/StindCo/smart_ispt/internal/pkg/identity/handler.UserHandler.GetDeveloppersUsers-fm (4 handlers)
[GIN-debug] PUT    /identity/v1/users/:userId/role/:roleId --> github.com/StindCo/smart_ispt/internal/pkg/identity/handler.UserHandler.SetRole-fm (4 handlers)
[GIN-debug] PUT    /identity/v1/users/:userId/admins --> github.com/StindCo/smart_ispt/internal/pkg/identity/handler.UserHandler.SetAdminPermission-fm (4 handlers)
[GIN-debug] DELETE /identity/v1/users/:userId/admins --> github.com/StindCo/smart_ispt/internal/pkg/identity/handler.UserHandler.RemoveAdminPermission-fm (4 handlers)
[GIN-debug] PUT    /identity/v1/users/:userId/developpers --> github.com/StindCo/smart_ispt/internal/pkg/identity/handler.UserHandler.SetDevelopperPermission-fm (4 handlers)
[GIN-debug] DELETE /identity/v1/users/:userId/developpers --> github.com/StindCo/smart_ispt/internal/pkg/identity/handler.UserHandler.RemoveDevelopperPermission-fm (4 handlers)
[GIN-debug] DELETE /identity/v1/users/:userId --> github.com/StindCo/smart_ispt/internal/pkg/identity/handler.UserHandler.DeleteUser-fm (4 handlers)
[GIN-debug] GET    /identity/v1/roles        --> github.com/StindCo/smart_ispt/internal/pkg/identity/handler.RoleHandler.List-fm (3 handlers)
[GIN-debug] GET    /identity/v1/roles/:roleId --> github.com/StindCo/smart_ispt/internal/pkg/identity/handler.RoleHandler.GetRole-fm (3 handlers)
[GIN-debug] GET    /identity/v1/roles/:roleId/users --> github.com/StindCo/smart_ispt/internal/pkg/identity/handler.RoleHandler.GetUsersForRole-fm (3 handlers)
[GIN-debug] POST   /identity/v1/roles        --> github.com/StindCo/smart_ispt/internal/pkg/identity/handler.RoleHandler.CreateRole-fm (4 handlers)
[GIN-debug] PUT    /identity/v1/roles/:roleId --> github.com/StindCo/smart_ispt/internal/pkg/identity/handler.RoleHandler.DeleteRole-fm (4 handlers)
[GIN-debug] DELETE /identity/v1/roles/:roleId --> github.com/StindCo/smart_ispt/internal/pkg/identity/handler.RoleHandler.DeleteRole-fm (4 handlers)
[GIN-debug] GET    /discovery/v1/applications --> github.com/StindCo/smart_ispt/internal/pkg/discovery/handler.ApplicationHandler.List-fm (3 handlers)
[GIN-debug] GET    /discovery/v1/applications/:applicationID --> github.com/StindCo/smart_ispt/internal/pkg/discovery/handler.ApplicationHandler.GetOneApplication-fm (3 handlers)
[GIN-debug] GET    /discovery/v1/applications/:applicationID/developpers --> github.com/StindCo/smart_ispt/internal/pkg/discovery/handler.ApplicationHandler.GetApplicationDeveloppers-fm (3 handlers)
[GIN-debug] GET    /discovery/v1/applications/:applicationID/consumers --> github.com/StindCo/smart_ispt/internal/pkg/discovery/handler.ApplicationHandler.GetApplicationConsumers-fm (3 handlers)
[GIN-debug] POST   /discovery/v1/applications --> github.com/StindCo/smart_ispt/internal/pkg/discovery/handler.ApplicationHandler.CreateApplication-fm (4 handlers)
[GIN-debug] Listening and serving HTTP on :4500
